
 Primary working directories    : /scratch/sjklipp
 Secondary working directories  : /scratch/sjklipp
 Wavefunction directory         : /home/sjklipp/wfu/
 Main file repository           : /scratch/sjklipp/

 SHA1      : f86d681fdec979508940bfbbc93fd7db66630888
 NAME      : 2015.1.24
 ARCHNAME  : linux/x86_64
 FC        : /blues/gpfs/home/software/spack-0.10.1/opt/spack/linux-centos7-x86_64/intel-17.0.4/intel-mpi-2017.3-dfphq6kavje2olnichisvjjndtridrok/compilers_and_libraries_2017.4.196/linux/mpi/intel64/bin/mpiifort
 BLASLIB   : -L/blues/gpfs/home/software/spack-0.10.1/opt/spack/linux-centos7-x86_64/intel-17.0.4/intel-mkl-2017.3.196-jyjmyutcol3veyt4bazftyqkxxzmfd7o/pkg/compilers_and_libraries_2017.4.196/linux/mkl/lib/intel64 -lmkl_intel_ilp64 -lmkl_intel_thread -lmkl_core
 id        : anlgov

 Nodes     nprocs
 b445         7
 Number of processes for MPI-2 version of Molpro:   nprocs(total)=    8   nprocs(compute)=    7   nprocs(helper)=    1

 Using customized tuning parameters: mindgm=7; mindgv=16; mindgc=1; mindgr=1; noblas=0; minvec=7
 default implementation of scratch files=sf  

 ***,
 memory,640,m
 nosym
 angstrom
 geometry = {
 C
 H  1,    R1
 H  1,    R2 , 2,    A2
 H  1,    R3 , 2,    A3 , 3,    D3
 H  1,    R4 , 2,    A4 , 3,    D4
 }
 R1   =   1.082480
 R2   =   1.082585
 A2   = 120.002000
 R3   =   1.082585
 A3   = 120.002000
 D3   = 179.636000
 R4   =   2.400000
 A4   =  85.000000
 D4   =  85.000000
 set,spin=2
 set,charge=0
 basis=cc-pvdz
 {uhf,}
 
 molpro_energy=energy
 show[1,e25.15],molpro_energy
 status,all,crash
 
 nosym
 angstrom
 geometry = {
 C
 H  1,    R1
 H  1,    R2 , 2,    A2
 H  1,    R3 , 2,    A3 , 3,    D3
 H  1,    R4 , 2,    A4 , 3,    D4
 }
 R1   =   1.082480
 R2   =   1.082585
 A2   = 120.002000
 R3   =   1.082585
 A3   = 120.002000
 D3   = 179.636000
 R4   =   2.400000
 A4   =  85.000000
 D4   =  85.000000
 set,spin=0
 set,charge=0
 basis=cc-pvdz
 {casscf,maxit=40
 occ,6
 closed,4
 wf,10,1,0,0}
 
 molpro_energy=energy
 show[1,e25.15],molpro_energy
 status,all,crash
 
 nosym
 angstrom
 geometry = {
 C
 H  1,    R1
 H  1,    R2 , 2,    A2
 H  1,    R3 , 2,    A3 , 3,    D3
 H  1,    R4 , 2,    A4 , 3,    D4
 }
 A2   = 119.725501
 A3   = 119.726566
 A4   =  93.263817
 D3   = 190.828731
 D4   =  96.063166
 R1   =   1.090384
 R2   =   1.090423
 R3   =   1.090420
 R4   =   3.000000
 set,spin=0
 set,charge=0
 basis=cc-pvdz
 {casscf,maxit=40
 occ,6
 closed,4
 wf,10,1,0,0}
 {rs2,shift=0.2}
 {optg,;inactive,R4}
 status

 Variables initialized (889), CPU time= 0.01 sec
 Commands  initialized (702), CPU time= 0.01 sec, 572 directives.
 Default parameters read. Elapsed time= 0.09 sec

 Checking input...
 Passed
1


                                         ***  PROGRAM SYSTEM MOLPRO  ***
                                       Copyright, TTI GmbH Stuttgart, 2015
                                    Version 2015.1 linked Sep 21 2017 09:51:13


 **********************************************************************************************************************************
 LABEL *                                                                                 
  64 bit mpp version                                                                     DATE: 18-Oct-19          TIME: 00:39:40  
 **********************************************************************************************************************************

 SHA1:             f86d681fdec979508940bfbbc93fd7db66630888
 **********************************************************************************************************************************

 Variable memory set to  640000000 words,  buffer space   230000 words

 ZSYMEL=NOSYM
 ZUNIT=ANG
 
 SETTING R1             =         1.08248000                                  
 SETTING R2             =         1.08258500                                  
 SETTING A2             =       120.00200000                                  
 SETTING R3             =         1.08258500                                  
 SETTING A3             =       120.00200000                                  
 SETTING D3             =       179.63600000                                  
 SETTING R4             =         2.40000000                                  
 SETTING A4             =        85.00000000                                  
 SETTING D4             =        85.00000000                                  
 SETTING SPIN           =         2.00000000                                  
 SETTING CHARGE         =     0.00000000D+00                                  
 SETTING BASIS          =    CC-PVDZ


 Recomputing integrals since basis changed


 Using spherical harmonics

 Library entry C      S cc-pVDZ              selected for orbital group  1
 Library entry C      P cc-pVDZ              selected for orbital group  1
 Library entry C      D cc-pVDZ              selected for orbital group  1
 Library entry H      S cc-pVDZ              selected for orbital group  2
 Library entry H      P cc-pVDZ              selected for orbital group  2


 PROGRAM * SEWARD (Integral evaluation for generally contracted gaussian basis sets)     Author: Roland Lindh, 1990

 Geometry written to block  1 of record 700

 Orientation using atomic masses  
 Molecule type: Asymmetric top
 Rotational constants:      70.0843629     69.7249356    144.1273380 GHz  (calculated with average atomic masses)

 Point group  C1  



 ATOMIC COORDINATES

 NR  ATOM    CHARGE       X              Y              Z

   1  C       6.00   -0.000002282    0.016184509   -0.285189424
   2  H       1.00   -1.430911549    1.454769622   -0.025549288
   3  H       1.00    1.981640595    0.515872682   -0.192149071
   4  H       1.00   -0.550497783   -1.924302086   -0.626832148
   5  H       1.00   -0.000204065   -0.239201038    4.242957170

 Bond lengths in Bohr (Angstrom)

 1-2  2.045590735  1-3  2.045789157  1-4  2.045789157
     ( 1.082480000)     ( 1.082585000)     ( 1.082585000)

 Bond angles

  2-1-3  120.00200000   2-1-4  120.00200000   3-1-4  119.99499875

 NUCLEAR CHARGE:                   10
 NUMBER OF PRIMITIVE AOS:          55
 NUMBER OF SYMMETRY AOS:           54
 NUMBER OF CONTRACTIONS:           34   (  34A   )
 NUMBER OF CORE ORBITALS:           1   (   1A   )
 NUMBER OF VALENCE ORBITALS:        8   (   8A   )


 NUCLEAR REPULSION ENERGY   11.57273109

 Eigenvalues of metric

         1 0.148E-01 0.357E-01 0.357E-01 0.425E-01 0.545E-01 0.546E-01 0.789E-01 0.123E+00


 Contracted 2-electron integrals neglected if value below      1.0D-11
 AO integral compression algorithm  1   Integral accuracy      1.0D-11

     2.097 MB (compressed) written to integral file (100.0%)

     Node minimum: 0.262 MB, node maximum: 0.524 MB


 NUMBER OF SORTED TWO-ELECTRON INTEGRALS:      25585.     BUFFER LENGTH:  32768
 NUMBER OF SEGMENTS:   1  SEGMENT LENGTH:      25585      RECORD LENGTH: 524288

 Memory used in sort:       0.58 MW

 SORT1 READ      219389. AND WROTE       24765. INTEGRALS IN      1 RECORDS. CPU TIME:     0.01 SEC, REAL TIME:     0.01 SEC
 SORT2 READ      172033. AND WROTE      177310. INTEGRALS IN      7 RECORDS. CPU TIME:     0.00 SEC, REAL TIME:     0.01 SEC

 Node minimum:       25075.  Node maximum:       25585. integrals

 OPERATOR DM      FOR CENTER  0  COORDINATES:    0.000000    0.000000    0.000000


 **********************************************************************************************************************************
 DATASETS  * FILE   NREC   LENGTH (MB)   RECORD NAMES
              1      18       19.16       500      610      700      900      950      970     1000      129      960     1100   
                                          VAR    BASINP    GEOM    SYMINP    ZMAT    AOBASIS   BASIS     P2S    ABASIS      S 
                                         1400     1410     1200     1210     1080     1600     1650     1700   
                                           T        V       H0       H01     AOSYM     SMH    MOLCAS    OPER   

 PROGRAMS   *        TOTAL       INT
 CPU TIMES  *         0.37      0.20
 REAL TIME  *         0.77 SEC
 DISK USED  *        30.28 MB      
 GA USED    *         0.00 MB       (max)       0.00 MB       (current)
 **********************************************************************************************************************************


 PROGRAM * UHF-SCF       Authors: W. Meyer, H.-J. Werner


 NUMBER OF ELECTRONS:       6+    4-    SPACE SYMMETRY=1    SPIN SYMMETRY: Triplet 
 CONVERGENCE THRESHOLDS:    1.00E-06 (Density)    1.00E-07 (Energy)
 MAX. NUMBER OF ITERATIONS:       60
 INTERPOLATION TYPE:            DIIS
 INTERPOLATION STEPS:              2 (START)      1 (STEP)
 LEVEL SHIFTS:                  0.20 (ALPHA)   0.20 (BETA) 



 Orbital guess generated from atomic densities. Full valence occupancy:    9

 Molecular orbital dump at record        2200.2

 Initial alpha occupation   6
 Initial beta  occupation   4

 ITERATION    DDIFF          GRAD             ENERGY        2-EL.EN.            DIPOLE MOMENTS         DIIS
    1      0.000D+00      0.000D+00       -40.03089730     48.472722   -0.00022   -0.00029   -0.01812    0
    2      0.116D-01      0.425D-02       -40.04580738     48.408661   -0.00012   -0.00200   -0.02208    1
    3      0.107D-01      0.221D-02       -40.05138564     48.449780   -0.00009   -0.00296   -0.01790    2
    4      0.280D-02      0.570D-03       -40.05182397     48.459383   -0.00010   -0.00289   -0.01335    3
    5      0.104D-02      0.237D-03       -40.05193214     48.452646   -0.00012   -0.00265   -0.01158    4
    6      0.324D-03      0.103D-03       -40.05196149     48.452913   -0.00013   -0.00242   -0.01224    5
    7      0.133D-03      0.328D-04       -40.05196414     48.452888   -0.00013   -0.00235   -0.01285    6
    8      0.262D-04      0.711D-05       -40.05196420     48.452989   -0.00013   -0.00235   -0.01297    6
    9      0.768D-05      0.227D-05       -40.05196421     48.452921   -0.00013   -0.00235   -0.01300    6
   10      0.260D-05      0.603D-06       -40.05196421     48.452926   -0.00013   -0.00236   -0.01300    6
   11      0.573D-06      0.162D-06       -40.05196421     48.452923   -0.00013   -0.00236   -0.01300    6
   12      0.239D-06      0.597D-07       -40.05196421     48.452925   -0.00013   -0.00236   -0.01300    6
 
 Final alpha occupancy:   6
 Final beta  occupancy:   4

 !UHF STATE 1.1 Energy                -40.051964212676
 Nuclear energy                        11.57273109
 One-electron energy                  -75.85115784
 Two-electron energy                   24.22646253
 Virial quotient                       -1.00014869
 !UHF STATE 1.1 Dipole moment          -0.00013134    -0.00235740    -0.01300028
 Dipole moment /Debye                  -0.00033380    -0.00599151    -0.03304125

 Orbital energies for positive spin:

         1.1          2.1          3.1          4.1          5.1          6.1          7.1          8.1
    -11.236669    -0.948215    -0.577278    -0.576918    -0.510935    -0.364379     0.195737     0.266357

 Orbital energies for negative spin:

         1.1          2.1          3.1          4.1          5.1          6.1          7.1          8.1
    -11.211016    -0.851511    -0.560703    -0.560610     0.064470     0.178639     0.224884     0.274229

 HOMO      6.1    -0.364379 =      -9.9153eV
 LUMO     -5.1     0.064470 =       1.7543eV
 LUMO-HOMO         0.428849 =      11.6696eV

 EXPECTATION VALUE OF S**2:             2.01208487

 Occupation number threshold for canonical orbitals:  1.999000 (occupied),  0.001000 (virtual)

 Number of pseudo-canonical orbitals per symmetry:    2
 Number of active natural orbitals per symmetry:      6

 Natural orbitals saved to record    2200.2 (Orbital set 3)

 Orbital spaces for UNO-CAS (Min. occupation: 0.020  Max. occupation: 1.980):

 Closed:        4
 Active:        2


 **********************************************************************************************************************************
 DATASETS  * FILE   NREC   LENGTH (MB)   RECORD NAMES
              1      18       19.16       500      610      700      900      950      970     1000      129      960     1100   
                                          VAR    BASINP    GEOM    SYMINP    ZMAT    AOBASIS   BASIS     P2S    ABASIS      S 
                                         1400     1410     1200     1210     1080     1600     1650     1700   
                                           T        V       H0       H01     AOSYM     SMH    MOLCAS    OPER   

              2       4        2.85       700     1000      520     2200   
                                         GEOM     BASIS   MCVARS     UHF  

 PROGRAMS   *        TOTAL       UHF       INT
 CPU TIMES  *         0.41      0.04      0.20
 REAL TIME  *         0.83 SEC
 DISK USED  *        30.28 MB      
 SF USED    *         0.33 MB      
 GA USED    *         0.00 MB       (max)       0.00 MB       (current)
 **********************************************************************************************************************************
 SETTING MOLPRO_ENERGY  =       -40.05196421  AU                              
 MOLPRO_ENERGY    =       -0.400519642126762E+02 AU
 
 STEP  1 UHF-SCF        O.K.    
 ZSYMEL=NOSYM
 ZUNIT=ANG
 
 SETTING R1             =         1.08248000                                  
 SETTING R2             =         1.08258500                                  
 SETTING A2             =       120.00200000                                  
 SETTING R3             =         1.08258500                                  
 SETTING A3             =       120.00200000                                  
 SETTING D3             =       179.63600000                                  
 SETTING R4             =         2.40000000                                  
 SETTING A4             =        85.00000000                                  
 SETTING D4             =        85.00000000                                  
 SETTING SPIN           =     0.00000000D+00                                  
 SETTING CHARGE         =     0.00000000D+00                                  
 SETTING BASIS          =    CC-PVDZ


 PROGRAM * MULTI (Direct Multiconfiguration SCF)       Authors: P.J. Knowles, H.-J. Werner (1984)     S.T. Elbert (1988)


 Number of closed-shell orbitals:   4 (   4 )
 Number of active  orbitals:        2 (   2 )
 Number of external orbitals:      28 (  28 )

 State symmetry 1

 Number of electrons:     2    Spin symmetry=Singlet   Space symmetry=1
 Number of states:        1
 Number of CSFs:          3   (4 determinants, 4 intermediate states)

 Molecular orbitals read from record     2200.2  Type=UHF/NATURAL (state 1.1)

 Wavefunction dump at record             2140.2

 Convergence thresholds  0.10E-01 (gradient)  0.10E-05 (energy)  0.10E-02 (step length)

 Number of orbital rotations:      176   (     8 Core/Active    112 Core/Virtual   0 Active/Active     56 Active/Virtual)
 Total number of variables:        180


 ITER. MIC  NCI  NEG     ENERGY(VAR)     ENERGY(PROJ)   ENERGY CHANGE     GRAD(0)  GRAD(ORB)   GRAD(CI)     STEP       TIME

   1   40    7    0     -40.07269295     -40.07691484   -0.00422189    0.06381077 0.00002479 0.00000000  0.80D-01      0.07
   2   32    8    0     -40.07689714     -40.07689944   -0.00000230    0.00126512 0.00000023 0.00000000  0.24D-02      0.11
   3   32    5    0     -40.07689944     -40.07689944   -0.00000000    0.00000094 0.00000002 0.00000000  0.18D-05      0.14

 ** WVFN ****  CONVERGENCE REACHED, FINAL GRADIENT:  0.25D-07


 First order charge density matrix for state 1.1 saved on record  2140.2 (density set 1)

 Results for state 1.1
 =====================

 !MCSCF STATE 1.1 Energy              -40.076899440480
 Nuclear energy                        11.57273109
 Kinetic energy                        39.88698614
 One electron energy                  -75.80505990
 Two electron energy                   24.15542937
 Virial ratio                           2.00476128

 !MCSCF STATE 1.1 Dipole moment        -0.00010749     0.02049058    -0.22667169
 Dipole moment /Debye                  -0.00027319     0.05207844    -0.57610425


 Natural orbital dump at molpro section  2140.2    (Orbital set 2)



 **********************************************************************************************************************************
 DATASETS  * FILE   NREC   LENGTH (MB)   RECORD NAMES
              1      19       19.47       500      610      700      900      950      970     1000      129      960     1100   
                                          VAR    BASINP    GEOM    SYMINP    ZMAT    AOBASIS   BASIS     P2S    ABASIS      S 
                                         1400     1410     1200     1210     1080     1600     1650     1700     1380   
                                           T        V       H0       H01     AOSYM     SMH    MOLCAS    OPER     JKOP   

              2       5        5.37       700     1000      520     2200     2140   
                                         GEOM     BASIS   MCVARS     UHF     MCSCF   

 PROGRAMS   *        TOTAL    CASSCF       UHF       INT
 CPU TIMES  *         0.58      0.16      0.04      0.20
 REAL TIME  *         1.07 SEC
 DISK USED  *        30.28 MB      
 SF USED    *         4.58 MB      
 GA USED    *         0.00 MB       (max)       0.00 MB       (current)
 **********************************************************************************************************************************
 SETTING MOLPRO_ENERGY  =       -40.07689944  HARTREE                         
 MOLPRO_ENERGY    =       -0.400768994404802E+02 HARTREE
 
 STEP  1 UHF-SCF        O.K.    
 STEP  2 CASSCF         O.K.    
 ZSYMEL=NOSYM
 ZUNIT=ANG
 
 SETTING A2             =       119.72550100                                  
 SETTING A3             =       119.72656600                                  
 SETTING A4             =        93.26381700                                  
 SETTING D3             =       190.82873100                                  
 SETTING D4             =        96.06316600                                  
 SETTING R1             =         1.09038400                                  
 SETTING R2             =         1.09042300                                  
 SETTING R3             =         1.09042000                                  
 SETTING R4             =         3.00000000                                  
 SETTING SPIN           =     0.00000000D+00                                  
 SETTING CHARGE         =     0.00000000D+00                                  
 SETTING BASIS          =    CC-PVDZ


 Recomputing integrals since geometry changed


 PROGRAM * SEWARD (Integral evaluation for generally contracted gaussian basis sets)     Author: Roland Lindh, 1990

 Geometry written to block  1 of record 700

 Orientation using atomic masses  
 Molecule type: Asymmetric top
 Rotational constants:      48.7273967     48.7359944    141.0001438 GHz  (calculated with average atomic masses)

 Point group  C1  



 ATOMIC COORDINATES

 NR  ATOM    CHARGE       X              Y              Z

   1  C       6.00   -0.000738034   -0.000024897   -0.334942438
   2  H       1.00    0.050899775    2.056447096   -0.453384544
   3  H       1.00    1.751694900   -1.075566126   -0.470092938
   4  H       1.00   -1.809653548   -0.983253655   -0.419430856
   5  H       1.00    0.015853576    0.002669372    5.334211017

 Bond lengths in Bohr (Angstrom)

 1-2  2.060527131  1-3  2.060600830  1-4  2.060595161
     ( 1.090384000)     ( 1.090423000)     ( 1.090420000)

 Bond angles

  2-1-3  119.72550100   2-1-4  119.72656600   3-1-4  119.65856435

 NUCLEAR CHARGE:                   10
 NUMBER OF PRIMITIVE AOS:          55
 NUMBER OF SYMMETRY AOS:           54
 NUMBER OF CONTRACTIONS:           34   (  34A   )
 NUMBER OF CORE ORBITALS:           1   (   1A   )
 NUMBER OF VALENCE ORBITALS:        8   (   8A   )


 NUCLEAR REPULSION ENERGY   11.12444914

 Eigenvalues of metric

         1 0.152E-01 0.368E-01 0.368E-01 0.448E-01 0.556E-01 0.556E-01 0.868E-01 0.125E+00


 Contracted 2-electron integrals neglected if value below      1.0D-11
 AO integral compression algorithm  1   Integral accuracy      1.0D-11

     1.835 MB (compressed) written to integral file (100.0%)

     Node minimum: 0.262 MB, node maximum: 0.262 MB


 NUMBER OF SORTED TWO-ELECTRON INTEGRALS:      25585.     BUFFER LENGTH:  32768
 NUMBER OF SEGMENTS:   1  SEGMENT LENGTH:      25585      RECORD LENGTH: 524288

 Memory used in sort:       0.58 MW

 SORT1 READ      219389. AND WROTE       24609. INTEGRALS IN      1 RECORDS. CPU TIME:     0.00 SEC, REAL TIME:     0.01 SEC
 SORT2 READ      171174. AND WROTE      177310. INTEGRALS IN      7 RECORDS. CPU TIME:     0.00 SEC, REAL TIME:     0.00 SEC

 Node minimum:       25075.  Node maximum:       25585. integrals

 OPERATOR DM      FOR CENTER  0  COORDINATES:    0.000000    0.000000    0.000000


 **********************************************************************************************************************************
 DATASETS  * FILE   NREC   LENGTH (MB)   RECORD NAMES
              1      18       19.16       500      610      700      900      950      970     1000      129      960     1100   
                                          VAR    BASINP    GEOM    SYMINP    ZMAT    AOBASIS   BASIS     P2S    ABASIS      S 
                                         1400     1410     1200     1210     1080     1600     1650     1700   
                                           T        V       H0       H01     AOSYM     SMH    MOLCAS    OPER   

              2       5        5.37       700     1000      520     2200     2140   
                                         GEOM     BASIS   MCVARS     UHF     MCSCF   

 PROGRAMS   *        TOTAL       INT    CASSCF       UHF       INT
 CPU TIMES  *         0.87      0.28      0.16      0.04      0.20
 REAL TIME  *         1.40 SEC
 DISK USED  *       204.45 MB      
 SF USED    *         4.58 MB      
 GA USED    *         0.00 MB       (max)       0.00 MB       (current)
 **********************************************************************************************************************************


 PROGRAM * MULTI (Direct Multiconfiguration SCF)       Authors: P.J. Knowles, H.-J. Werner (1984)     S.T. Elbert (1988)


 Number of closed-shell orbitals:   4 (   4 )
 Number of active  orbitals:        2 (   2 )
 Number of external orbitals:      28 (  28 )

 State symmetry 1

 Number of electrons:     2    Spin symmetry=Singlet   Space symmetry=1
 Number of states:        1
 Number of CSFs:          3   (4 determinants, 4 intermediate states)

 Molecular orbitals read from record     2140.2  Type=MCSCF/NATURAL (state 1.1)

 Wavefunction dump at record             2141.2

 Convergence thresholds  0.10E-01 (gradient)  0.10E-05 (energy)  0.10E-02 (step length)

 Number of orbital rotations:      176   (     8 Core/Active    112 Core/Virtual   0 Active/Active     56 Active/Virtual)
 Total number of variables:        180


 ITER. MIC  NCI  NEG     ENERGY(VAR)     ENERGY(PROJ)   ENERGY CHANGE     GRAD(0)  GRAD(ORB)   GRAD(CI)     STEP       TIME

   1   40    7    0     -39.90846557     -40.05985372   -0.15138815    0.61669026 0.00001260 0.00000000  0.27D+00      0.05
   2   21    8    0     -40.06166257     -40.06293936   -0.00127679    0.05652942 0.00000045 0.00000000  0.28D-01      0.08
   3   21    8    0     -40.06295061     -40.06295086   -0.00000025    0.00078165 0.00000001 0.00000000  0.42D-03      0.11

 ** WVFN ****  CONVERGENCE REACHED, FINAL GRADIENT:  0.17D-06


 First order charge density matrix for state 1.1 saved on record  2141.2 (density set 1)

 Results for state 1.1
 =====================

 !MCSCF STATE 1.1 Energy              -40.062950858009
 Nuclear energy                        11.12444914
 Kinetic energy                        39.91209708
 One electron energy                  -74.95246936
 Two electron energy                   23.76506937
 Virial ratio                           2.00377965

 !MCSCF STATE 1.1 Dipole moment        -0.00116177    -0.00024639    -0.13687151
 Dipole moment /Debye                  -0.00295274    -0.00062623    -0.34786988


 Natural orbital dump at molpro section  2141.2    (Orbital set 2)



 **********************************************************************************************************************************
 DATASETS  * FILE   NREC   LENGTH (MB)   RECORD NAMES
              1      19       19.47       500      610      700      900      950      970     1000      129      960     1100   
                                          VAR    BASINP    GEOM    SYMINP    ZMAT    AOBASIS   BASIS     P2S    ABASIS      S 
                                         1400     1410     1200     1210     1080     1600     1650     1700     1380   
                                           T        V       H0       H01     AOSYM     SMH    MOLCAS    OPER     JKOP   

              2       6        7.89       700     1000      520     2200     2140     2141   
                                         GEOM     BASIS   MCVARS     UHF     MCSCF    MCSCF   

 PROGRAMS   *        TOTAL    CASSCF       INT    CASSCF       UHF       INT
 CPU TIMES  *         1.01      0.13      0.28      0.16      0.04      0.20
 REAL TIME  *         1.58 SEC
 DISK USED  *       204.45 MB      
 SF USED    *         4.58 MB      
 GA USED    *         0.00 MB       (max)       0.00 MB       (current)
 **********************************************************************************************************************************


 PROGRAM * RS2 (Multireference RS Perturbation Theory)     Authors: H.-J. Werner (1993), P. Celani (1998)


 Level shift= 0.20

 Convergence thresholds:  THRVAR = 1.00D-10  THRDEN = 1.00D-08

 Number of optimized states:  1  Roots:   1
 Number of reference states:  1  Roots:   1

 Reference symmetry:                   1   Singlet 
 Number of electrons:                 10
 Maximum number of shells:             4
 Maximum number of spin couplings:     5

 Reference space:        3 conf        3 CSFs
 N elec internal:       15 conf       15 CSFs
 N-1 el internal:       23 conf       32 CSFs
 N-2 el internal:       25 conf       52 CSFs

 Number of electrons in valence space:                      8
 Maximum number of open shell orbitals in reference space:  2
 Maximum number of open shell orbitals in internal spaces:  6


 Number of core orbitals:           1 (   1 )
 Number of closed-shell orbitals:   3 (   3 )
 Number of active  orbitals:        2 (   2 )
 Number of external orbitals:      28 (  28 )

 Molecular orbitals read from record     2141.2  Type=MCSCF/NATURAL (state 1.1)

 Coulomb and exchange operators available. No transformation done.

 Number of p-space configurations:   3

 Reference wavefunction optimized for reference space (refopt=1)

 State     Reference Energy 
   1         -40.06295086

 Number of blocks in overlap matrix:     2   Smallest eigenvalue:  0.10D+01
 Number of N-2 electron functions:      22
 Number of N-1 electron functions:      32

 Number of internal configurations:                   15
 Number of singly external configurations:           896
 Number of doubly external configurations:          8680
 Total number of contracted configurations:         9591
 Total number of uncontracted configurations:      21351

 Weight factors for SA-density in H0:    1.000000

 FIMAX=  0.34D-01  FXMAX=  0.40D-11  DIAG=  F  T  NOREF=1  NOINT=0  IHPPD=2

 Nuclear energy:                      11.12444914
 Core energy:                        -35.62319830
 Zeroth-order valence energy:         -4.39568003
 Zeroth-order total energy:          -28.89442919
 First-order energy:                 -11.16852167

 Using uncontracted singles

 Diagonal Coupling coefficients finished.               Storage:     853 words, CPU-Time:      0.00 seconds.
 Energy denominators for pairs finished in 0 passes.    Storage:    2265 words, CPU-time:      0.00 seconds.

 A level shift of 0.20 is applied.

  ITER. STATE  ROOT     SQ.NORM     CORR.ENERGY   TOTAL ENERGY   ENERGY CHANGE       DEN1      VAR(S)    VAR(P)      TIME
    1     1     1     1.00591709    -0.00118342   -40.06413428    -0.00118342    -0.12659128  0.59D-02  0.36D-01     0.03
    2     1     1     1.04222341    -0.13507306   -40.19802392    -0.13388964     0.00001119  0.23D-04  0.10D-04     0.03
    3     1     1     1.04225967    -0.13513604   -40.19808689    -0.00006297    -0.00003268  0.17D-06  0.67D-07     0.03
    4     1     1     1.04228181    -0.13514083   -40.19809169    -0.00000480    -0.00000093  0.21D-08  0.70D-09     0.03
    5     1     1     1.04228250    -0.13514097   -40.19809183    -0.00000014    -0.00000022  0.30D-10  0.89D-11     0.04
    6     1     1     1.04228267    -0.13514101   -40.19809186    -0.00000003    -0.00000002  0.47D-12  0.14D-12     0.04
    7     1     1     1.04228268    -0.13514101   -40.19809187    -0.00000000    -0.00000000  0.78D-14  0.23D-14     0.04
    8     1     1     1.04228268    -0.13514101   -40.19809187    -0.00000000    -0.00000000  0.13D-15  0.39D-16     0.04

 Energies without level shift correction:

    8     1     1     1.04228268    -0.12668447   -40.18963533

 Energy contributions for state 1.1:
 ===================================

            Energy contr.      SQ.Norm of FOWF
 Space I     -0.00011269          0.00007483
 Space S     -0.01243043          0.00600697
 Space P     -0.11414135          0.03620088


 =====================================
 Analysis of CPU times by interactions
 =====================================

       I      S      P

 I   0.0%
 S   0.0%   0.0%
 P   0.0%   0.0%  25.0%

 Initialization:  75.0%
 Other:            0.0%

 Total CPU:        0.0 seconds
 =====================================


 Initialize record     7000.1
 Now solve CP-CASPT2 equations

 A level shift of 0.20 is applied.

  ITER. STATE  ROOT     SQ.NORM     CORR.ENERGY   TOTAL ENERGY   ENERGY CHANGE       DEN1      VAR(S)    VAR(P)      TIME
    1     1     1     1.00886649    -0.00188599   -40.06483685    -0.00188599    -0.16282538  0.88D-02  0.47D-01     0.05
    2     1     1     1.05598835    -0.17416667   -40.23711753    -0.17228068    -0.00003859  0.35D-04  0.17D-04     0.05
    3     1     1     1.05607380    -0.17427038   -40.23722124    -0.00010371    -0.00005288  0.31D-06  0.11D-06     0.05
    4     1     1     1.05610725    -0.17427769   -40.23722855    -0.00000732    -0.00000189  0.39D-08  0.13D-08     0.05
    5     1     1     1.05610860    -0.17427797   -40.23722883    -0.00000028    -0.00000040  0.58D-10  0.17D-10     0.05
    6     1     1     1.05610887    -0.17427803   -40.23722888    -0.00000006    -0.00000003  0.91D-12  0.28D-12     0.05
    7     1     1     1.05610889    -0.17427803   -40.23722889    -0.00000000    -0.00000000  0.15D-13  0.44D-14     0.05
    8     1     1     1.05610889    -0.17427803   -40.23722889    -0.00000000    -0.00000000  0.26D-15  0.76D-16     0.06

 Energies without level shift correction:

    8     1     1     1.05610889    -0.16305625   -40.22600711

 Energy contributions for state 1.1:
 ===================================

            Energy contr.      SQ.Norm of FOWF
 Space I     -0.00018039          0.00012296
 Space S     -0.01776718          0.00901142
 Space P     -0.14510868          0.04697452


 =====================================
 Analysis of CPU times by interactions
 =====================================

       I      S      P

 I   0.0%
 S   0.0%   0.0%
 P   0.0%  16.7%  16.7%

 Initialization:  83.3%
 Other:          -16.7%

 Total CPU:        0.1 seconds
 =====================================



 Reference coefficients greater than 0.0500000
 =============================================
 22220           0.8072534
 22202          -0.5902050



 RESULTS FOR STATE 1.1
 =====================

 Coefficient of reference function:   C(0) = 1.00000000 (fixed)   1.00000000 (relaxed)

 Energy contributions of configuration classes

 CLASS          SQ.NORM        ECORR1        ECORR2
 +++++++++++++++++++++++++++++++++++++++++++++++++++
 Internals    0.00012296   -0.00014209    0.11874636
 Singles      0.00901142   -0.01483192   -0.02701813
 Pairs        0.04697452   -0.12862354   -0.22686924
 Total        1.05610889   -0.14359754   -0.13514101
 +++++++++++++++++++++++++++++++++++++++++++++++++++


 Reference energy                     -40.06295086
 Nuclear energy                        11.12444914
 Kinetic energy                        40.03453829
 One electron energy                  -74.87986171
 Two electron energy                   23.55732071
 Virial quotient                       -1.00408531
 Correlation energy                    -0.13514101
 !RSPT2 STATE 1.1 Energy              -40.198091866066

 Properties without orbital relaxation:

 !RSPT2 STATE 1.1 Dipole moment        -0.00124202    -0.00026876    -0.14454041
 Dipole moment /Debye                  -0.00315670    -0.00068307    -0.36736101

 *** Long output written to logfile /lcrc/project/PACC/run/RXN/CH4/VNWKTOKETHGBQD/0/1/UHFFFAOYSA-N/CH3.H/ZAUNZKAOADJWPD/0_0/2_2/UHFFFAOYSA-N/1/FRON4wR/SCANS/R4/5.67/RUN/OPTI/A00/run.log ***


 Solving MCSCF z-vector equations for state  1.1, requested accuracy=      0.10D-05
 Convergence reached in   9 iterations (  9 expansion vectors), accuracy=  0.61D-06

 Properties including orbital relaxation:

 !RSPT2 dipole moments (ED):           -0.00122175    -0.00026417    -0.15955754

 RSPT2 Gradient info saved on record         5200.1

 CPU-time for rhs:            0.03 sec
 CPU-time for cpmcscf:        0.03 sec
 CPU-time for densities:      0.00 sec


 **********************************************************************************************************************************
 DATASETS  * FILE   NREC   LENGTH (MB)   RECORD NAMES
              1      25       19.86       500      610      700      900      950      970     1000      129      960     1100   
                                          VAR    BASINP    GEOM    SYMINP    ZMAT    AOBASIS   BASIS     P2S    ABASIS      S 
                                         1400     1410     1200     1210     1080     1600     1650     1700     1380     7000   
                                           T        V       H0       H01     AOSYM     SMH    MOLCAS    OPER     JKOP   
                                         7001     5200     5210     7009     7005   
                                                 RS2GRAD  RS2GRAD    

              2       6        7.89       700     1000      520     2200     2140     2141   
                                         GEOM     BASIS   MCVARS     UHF     MCSCF    MCSCF   

 PROGRAMS   *        TOTAL       RS2    CASSCF       INT    CASSCF       UHF       INT
 CPU TIMES  *         1.15      0.15      0.13      0.28      0.16      0.04      0.20
 REAL TIME  *         1.77 SEC
 DISK USED  *       204.45 MB      
 SF USED    *         7.75 MB      
 GA USED    *         0.00 MB       (max)       0.00 MB       (current)
 **********************************************************************************************************************************


 PROGRAM * OPT (Geometry optimization)     Authors: F. Eckert and H.-J. Werner


 BFGS update of hessian

 Geometry optimization using default procedure for command RS2

 Inactive variables:    R4

 Active variables:      R1 R2 A2 R3 A3 D3
                        A4 D4

 Geometry written to block  1 of record 700

 Making model hessian for Z-matrix coordinates

 Entering Rational Function Geometry Optimization

 ITER.   ENERGY(OLD)    ENERGY(NEW)      DE          GRADMAX     GRADNORM    GRADRMS     STEPMAX     STEPLEN     STEPRMS   CPU-time
   1   -40.19809187   -40.19809266    -0.00000080  0.00054897  0.00056534  0.00019988  0.02375588  0.02426300  0.00303288      1.82
   2   -40.19809266   -40.19809408    -0.00000141  0.00065355  0.00066777  0.00023609  0.00785320  0.00804342  0.00100543      4.00
   3   -40.19809408   -40.19809689    -0.00000281  0.00058993  0.00060269  0.00021308  0.00786763  0.00965380  0.00120672      6.18
   4   -40.19809689   -40.19810216    -0.00000527  0.00047221  0.00052286  0.00018486  0.01497822  0.01566622  0.00195828      8.27
   5   -40.19810216   -40.19810837    -0.00000622  0.00026814  0.00043744  0.00015466  0.02380735  0.02639947  0.00329993     10.40
   6   -40.19810837   -40.19811186    -0.00000349  0.00021123  0.00031889  0.00011275  0.01906247  0.02762544  0.00345318     12.48
   7   -40.19811186   -40.19811251    -0.00000065  0.00011358  0.00015286  0.00005404  0.01075240  0.01147145  0.00143393     15.08

 END OF GEOMETRY OPTIMIZATION.

 Optimized variables
 R1=                  1.09027463 ANGSTROM
 R2=                  1.09026023 ANGSTROM
 A2=                119.87497016 DEGREE
 R3=                  1.09026151 ANGSTROM
 A3=                119.87998755 DEGREE
 D3=                186.87091720 DEGREE
 A4=                 92.03492885 DEGREE
 D4=                 93.57510342 DEGREE

 **********************************************************************************************************************************

 Current geometry (xyz format, in Angstrom)

    5
 RS2/CC-PVDZ  ENERGY=-40.19811251
 C         -0.0001087915       -0.0000189212       -0.1813620333
 H          0.2441977694        1.0618168181       -0.2203228140
 H          0.7972037248       -0.7425491829       -0.2214734560
 H         -1.0420219038       -0.3192536020       -0.2156613881
 H          0.0019168112        0.0002114386        2.8186372740

 **********************************************************************************************************************************

 Geometry written to block  1 of record 700


 **********************************************************************************************************************************
 DATASETS  * FILE   NREC   LENGTH (MB)   RECORD NAMES
              1      25       19.86       500      610      700      900      950      970     1000      129      960     1100   
                                          VAR    BASINP    GEOM    SYMINP    ZMAT    AOBASIS   BASIS     P2S    ABASIS      S 
                                         1400     1410     1200     1210     1080     1600     1650     1700     1380     7000   
                                           T        V       H0       H01     AOSYM     SMH    MOLCAS    OPER     JKOP   
                                         7001     5200     5210     7009     7005   
                                                 RS2GRAD  RS2GRAD    

              2       6        7.89       700     1000      520     2200     2140     2141   
                                         GEOM     BASIS   MCVARS     UHF     MCSCF    MCSCF   

 PROGRAMS   *        TOTAL      OPTG       RS2    CASSCF       INT    CASSCF       UHF       INT
 CPU TIMES  *        16.23     15.08      0.15      0.13      0.28      0.16      0.04      0.20
 REAL TIME  *        18.46 SEC
 DISK USED  *       224.97 MB      
 SF USED    *         7.75 MB      
 GA USED    *         0.00 MB       (max)       0.00 MB       (current)
 **********************************************************************************************************************************
 
 STEP 18 RS2            O.K.    
 SETTING MOLPRO_ENERGY  =       -76.00934132  AU                              
 MOLPRO_ENERGY    =       -0.760093413236603E+02 AU

 RS2/cc-pVDZ//RS2/cc-pVDZ energy=    -40.198112508457

       OPTG(RS2)        RS2             CASSCF          CASSCF          UHF-SCF 
    -40.19811251    -40.19809187    -40.06295086    -40.07689944    -40.05196421
 **********************************************************************************************************************************
 Molpro calculation terminated
 Variable memory released
